<?xml version="1.0" encoding="UTF-8"?>
<testng-results ignored="0" total="1" passed="1" failed="0" skipped="0">
  <reporter-output>
  </reporter-output>
  <suite started-at="2023-03-19T20:37:18 IST" name="Default suite" finished-at="2023-03-19T20:37:28 IST" duration-ms="9733">
    <groups>
    </groups>
    <test started-at="2023-03-19T20:37:18 IST" name="Default test" finished-at="2023-03-19T20:37:28 IST" duration-ms="9733">
      <class name="chromedevtoolstest.BasicAuthentication">
        <test-method signature="basicAuthentication()[pri:0, instance:chromedevtoolstest.BasicAuthentication@437da279]" started-at="2023-03-19T20:37:18 IST" name="basicAuthentication" finished-at="2023-03-19T20:37:28 IST" duration-ms="9668" status="PASS">
          <reporter-output>
          </reporter-output>
        </test-method> <!-- basicAuthentication -->
      </class> <!-- chromedevtoolstest.BasicAuthentication -->
    </test> <!-- Default test -->
  </suite> <!-- Default suite -->
</testng-results>
